[2022-12-03 10:22:54] local.ERROR: filemtime(): stat failed for /home/daniel/Documents/Daniel/WeddingInvitation/.env {"exception":"[object] (ErrorException(code: 0): filemtime(): stat failed for /home/daniel/Documents/Daniel/WeddingInvitation/.env at /home/daniel/Documents/Daniel/WeddingInvitation/vendor/laravel/framework/src/Illuminate/Foundation/Console/ServeCommand.php:93)
[stacktrace]
#0 /home/daniel/Documents/Daniel/WeddingInvitation/vendor/laravel/framework/src/Illuminate/Foundation/Bootstrap/HandleExceptions.php(257): Illuminate\\Foundation\\Bootstrap\\HandleExceptions->handleError()
#1 [internal function]: Illuminate\\Foundation\\Bootstrap\\HandleExceptions->Illuminate\\Foundation\\Bootstrap\\{closure}()
#2 /home/daniel/Documents/Daniel/WeddingInvitation/vendor/laravel/framework/src/Illuminate/Foundation/Console/ServeCommand.php(93): filemtime()
#3 /home/daniel/Documents/Daniel/WeddingInvitation/vendor/laravel/framework/src/Illuminate/Container/BoundMethod.php(36): Illuminate\\Foundation\\Console\\ServeCommand->handle()
#4 /home/daniel/Documents/Daniel/WeddingInvitation/vendor/laravel/framework/src/Illuminate/Container/Util.php(41): Illuminate\\Container\\BoundMethod::Illuminate\\Container\\{closure}()
#5 /home/daniel/Documents/Daniel/WeddingInvitation/vendor/laravel/framework/src/Illuminate/Container/BoundMethod.php(93): Illuminate\\Container\\Util::unwrapIfClosure()
#6 /home/daniel/Documents/Daniel/WeddingInvitation/vendor/laravel/framework/src/Illuminate/Container/BoundMethod.php(37): Illuminate\\Container\\BoundMethod::callBoundMethod()
#7 /home/daniel/Documents/Daniel/WeddingInvitation/vendor/laravel/framework/src/Illuminate/Container/Container.php(651): Illuminate\\Container\\BoundMethod::call()
#8 /home/daniel/Documents/Daniel/WeddingInvitation/vendor/laravel/framework/src/Illuminate/Console/Command.php(136): Illuminate\\Container\\Container->call()
#9 /home/daniel/Documents/Daniel/WeddingInvitation/vendor/symfony/console/Command/Command.php(291): Illuminate\\Console\\Command->execute()
#10 /home/daniel/Documents/Daniel/WeddingInvitation/vendor/laravel/framework/src/Illuminate/Console/Command.php(121): Symfony\\Component\\Console\\Command\\Command->run()
#11 /home/daniel/Documents/Daniel/WeddingInvitation/vendor/symfony/console/Application.php(998): Illuminate\\Console\\Command->run()
#12 /home/daniel/Documents/Daniel/WeddingInvitation/vendor/symfony/console/Application.php(299): Symfony\\Component\\Console\\Application->doRunCommand()
#13 /home/daniel/Documents/Daniel/WeddingInvitation/vendor/symfony/console/Application.php(171): Symfony\\Component\\Console\\Application->doRun()
#14 /home/daniel/Documents/Daniel/WeddingInvitation/vendor/laravel/framework/src/Illuminate/Console/Application.php(102): Symfony\\Component\\Console\\Application->run()
#15 /home/daniel/Documents/Daniel/WeddingInvitation/vendor/laravel/framework/src/Illuminate/Foundation/Console/Kernel.php(129): Illuminate\\Console\\Application->run()
#16 /home/daniel/Documents/Daniel/WeddingInvitation/artisan(37): Illuminate\\Foundation\\Console\\Kernel->handle()
#17 {main}
"} 
